<?xml version="1.0" encoding="UTF-8"?>
<coverage generated="1668364159781" clover="3.2.0">
  <project timestamp="1668364159781" name="All files">
    <metrics statements="37" coveredstatements="37" conditionals="26" coveredconditionals="24" methods="5" coveredmethods="5" elements="68" coveredelements="66" complexity="0" loc="37" ncloc="37" packages="1" files="2" classes="2"/>
    <file name="bst-node.js" path="/Users/andreacard/Desktop/computer_science_testing/src/bst-node.js">
      <metrics statements="3" coveredstatements="3" conditionals="0" coveredconditionals="0" methods="1" coveredmethods="1"/>
      <line num="3" count="115" type="stmt"/>
      <line num="4" count="115" type="stmt"/>
      <line num="5" count="115" type="stmt"/>
    </file>
    <file name="bst.js" path="/Users/andreacard/Desktop/computer_science_testing/src/bst.js">
      <metrics statements="34" coveredstatements="34" conditionals="26" coveredconditionals="24" methods="4" coveredmethods="4"/>
      <line num="3" count="9" type="stmt"/>
      <line num="7" count="6" type="cond" truecount="2" falsecount="0"/>
      <line num="8" count="1" type="stmt"/>
      <line num="10" count="5" type="stmt"/>
      <line num="11" count="5" type="stmt"/>
      <line num="12" count="14" type="cond" truecount="2" falsecount="0"/>
      <line num="13" count="3" type="stmt"/>
      <line num="14" count="11" type="cond" truecount="2" falsecount="0"/>
      <line num="15" count="5" type="stmt"/>
      <line num="16" count="6" type="cond" truecount="1" falsecount="1"/>
      <line num="17" count="6" type="stmt"/>
      <line num="19" count="11" type="cond" truecount="2" falsecount="0"/>
      <line num="20" count="2" type="stmt"/>
      <line num="27" count="110" type="cond" truecount="2" falsecount="0"/>
      <line num="28" count="6" type="stmt"/>
      <line num="30" count="104" type="stmt"/>
      <line num="31" count="104" type="stmt"/>
      <line num="32" count="241" type="cond" truecount="2" falsecount="0"/>
      <line num="33" count="75" type="cond" truecount="2" falsecount="0"/>
      <line num="34" count="6" type="stmt"/>
      <line num="35" count="6" type="stmt"/>
      <line num="37" count="69" type="stmt"/>
      <line num="39" count="166" type="cond" truecount="2" falsecount="0"/>
      <line num="40" count="74" type="cond" truecount="2" falsecount="0"/>
      <line num="41" count="6" type="stmt"/>
      <line num="42" count="6" type="stmt"/>
      <line num="44" count="68" type="stmt"/>
      <line num="47" count="92" type="stmt"/>
      <line num="54" count="4" type="cond" truecount="2" falsecount="0"/>
      <line num="55" count="2" type="stmt"/>
      <line num="56" count="2" type="cond" truecount="2" falsecount="0"/>
      <line num="57" count="1" type="stmt"/>
      <line num="58" count="1" type="cond" truecount="1" falsecount="1"/>
      <line num="59" count="1" type="stmt"/>
    </file>
  </project>
</coverage>
