<?xml version="1.0" encoding="UTF-8"?>
<coverage generated="1667766989737" clover="3.2.0">
  <project timestamp="1667766989737" name="All files">
    <metrics statements="11" coveredstatements="11" conditionals="6" coveredconditionals="5" methods="4" coveredmethods="4" elements="21" coveredelements="20" complexity="0" loc="11" ncloc="11" packages="1" files="2" classes="2"/>
    <file name="bst-node.js" path="/Users/andreacard/Desktop/computer_science_testing/src/bst-node.js">
      <metrics statements="3" coveredstatements="3" conditionals="0" coveredconditionals="0" methods="1" coveredmethods="1"/>
      <line num="3" count="6" type="stmt"/>
      <line num="4" count="6" type="stmt"/>
      <line num="5" count="6" type="stmt"/>
    </file>
    <file name="bst.js" path="/Users/andreacard/Desktop/computer_science_testing/src/bst.js">
      <metrics statements="8" coveredstatements="8" conditionals="6" coveredconditionals="5" methods="3" coveredmethods="3"/>
      <line num="3" count="4" type="stmt"/>
      <line num="7" count="1" type="stmt"/>
      <line num="11" count="4" type="cond" truecount="2" falsecount="0"/>
      <line num="12" count="2" type="stmt"/>
      <line num="13" count="2" type="cond" truecount="2" falsecount="0"/>
      <line num="14" count="1" type="stmt"/>
      <line num="15" count="1" type="cond" truecount="1" falsecount="1"/>
      <line num="16" count="1" type="stmt"/>
    </file>
  </project>
</coverage>
