{"/Users/andreacard/Desktop/computer_science_testing/src/bst-node.js": {"path":"/Users/andreacard/Desktop/computer_science_testing/src/bst-node.js","statementMap":{"0":{"start":{"line":3,"column":4},"end":{"line":3,"column":21}},"1":{"start":{"line":4,"column":4},"end":{"line":4,"column":21}},"2":{"start":{"line":5,"column":4},"end":{"line":5,"column":22}}},"fnMap":{"0":{"name":"(anonymous_0)","decl":{"start":{"line":2,"column":2},"end":{"line":2,"column":3}},"loc":{"start":{"line":2,"column":20},"end":{"line":6,"column":3}},"line":2}},"branchMap":{},"s":{"0":115,"1":115,"2":115},"f":{"0":115},"b":{},"_coverageSchema":"43e27e138ebf9cfc5966b082cf9a028302ed4184","hash":"74d90e35d04ab32edf08df1ca2be7aa07389fecc"}
,"/Users/andreacard/Desktop/computer_science_testing/src/bst.js": {"path":"/Users/andreacard/Desktop/computer_science_testing/src/bst.js","statementMap":{"0":{"start":{"line":3,"column":4},"end":{"line":3,"column":21}},"1":{"start":{"line":7,"column":4},"end":{"line":23,"column":5}},"2":{"start":{"line":8,"column":6},"end":{"line":8,"column":18}},"3":{"start":{"line":10,"column":24},"end":{"line":10,"column":33}},"4":{"start":{"line":11,"column":6},"end":{"line":22,"column":7}},"5":{"start":{"line":12,"column":8},"end":{"line":18,"column":9}},"6":{"start":{"line":13,"column":10},"end":{"line":13,"column":22}},"7":{"start":{"line":14,"column":15},"end":{"line":18,"column":9}},"8":{"start":{"line":15,"column":10},"end":{"line":15,"column":41}},"9":{"start":{"line":16,"column":15},"end":{"line":18,"column":9}},"10":{"start":{"line":17,"column":10},"end":{"line":17,"column":42}},"11":{"start":{"line":19,"column":8},"end":{"line":21,"column":9}},"12":{"start":{"line":20,"column":10},"end":{"line":20,"column":23}},"13":{"start":{"line":27,"column":4},"end":{"line":50,"column":5}},"14":{"start":{"line":28,"column":6},"end":{"line":28,"column":31}},"15":{"start":{"line":30,"column":24},"end":{"line":30,"column":33}},"16":{"start":{"line":31,"column":6},"end":{"line":49,"column":7}},"17":{"start":{"line":32,"column":8},"end":{"line":48,"column":9}},"18":{"start":{"line":33,"column":10},"end":{"line":38,"column":11}},"19":{"start":{"line":34,"column":12},"end":{"line":34,"column":44}},"20":{"start":{"line":35,"column":12},"end":{"line":35,"column":24}},"21":{"start":{"line":37,"column":12},"end":{"line":37,"column":43}},"22":{"start":{"line":39,"column":15},"end":{"line":48,"column":9}},"23":{"start":{"line":40,"column":10},"end":{"line":45,"column":11}},"24":{"start":{"line":41,"column":12},"end":{"line":41,"column":45}},"25":{"start":{"line":42,"column":12},"end":{"line":42,"column":24}},"26":{"start":{"line":44,"column":12},"end":{"line":44,"column":44}},"27":{"start":{"line":47,"column":10},"end":{"line":47,"column":22}},"28":{"start":{"line":54,"column":4},"end":{"line":60,"column":5}},"29":{"start":{"line":55,"column":6},"end":{"line":55,"column":23}},"30":{"start":{"line":56,"column":11},"end":{"line":60,"column":5}},"31":{"start":{"line":57,"column":6},"end":{"line":57,"column":28}},"32":{"start":{"line":58,"column":11},"end":{"line":60,"column":5}},"33":{"start":{"line":59,"column":6},"end":{"line":59,"column":29}}},"fnMap":{"0":{"name":"(anonymous_0)","decl":{"start":{"line":2,"column":2},"end":{"line":2,"column":3}},"loc":{"start":{"line":2,"column":16},"end":{"line":4,"column":3}},"line":2},"1":{"name":"(anonymous_1)","decl":{"start":{"line":6,"column":2},"end":{"line":6,"column":3}},"loc":{"start":{"line":6,"column":16},"end":{"line":24,"column":3}},"line":6},"2":{"name":"(anonymous_2)","decl":{"start":{"line":26,"column":2},"end":{"line":26,"column":3}},"loc":{"start":{"line":26,"column":27},"end":{"line":51,"column":3}},"line":26},"3":{"name":"(anonymous_3)","decl":{"start":{"line":53,"column":2},"end":{"line":53,"column":3}},"loc":{"start":{"line":53,"column":15},"end":{"line":61,"column":3}},"line":53}},"branchMap":{"0":{"loc":{"start":{"line":7,"column":4},"end":{"line":23,"column":5}},"type":"if","locations":[{"start":{"line":7,"column":4},"end":{"line":23,"column":5}},{"start":{"line":7,"column":4},"end":{"line":23,"column":5}}],"line":7},"1":{"loc":{"start":{"line":12,"column":8},"end":{"line":18,"column":9}},"type":"if","locations":[{"start":{"line":12,"column":8},"end":{"line":18,"column":9}},{"start":{"line":12,"column":8},"end":{"line":18,"column":9}}],"line":12},"2":{"loc":{"start":{"line":14,"column":15},"end":{"line":18,"column":9}},"type":"if","locations":[{"start":{"line":14,"column":15},"end":{"line":18,"column":9}},{"start":{"line":14,"column":15},"end":{"line":18,"column":9}}],"line":14},"3":{"loc":{"start":{"line":16,"column":15},"end":{"line":18,"column":9}},"type":"if","locations":[{"start":{"line":16,"column":15},"end":{"line":18,"column":9}},{"start":{"line":16,"column":15},"end":{"line":18,"column":9}}],"line":16},"4":{"loc":{"start":{"line":19,"column":8},"end":{"line":21,"column":9}},"type":"if","locations":[{"start":{"line":19,"column":8},"end":{"line":21,"column":9}},{"start":{"line":19,"column":8},"end":{"line":21,"column":9}}],"line":19},"5":{"loc":{"start":{"line":27,"column":4},"end":{"line":50,"column":5}},"type":"if","locations":[{"start":{"line":27,"column":4},"end":{"line":50,"column":5}},{"start":{"line":27,"column":4},"end":{"line":50,"column":5}}],"line":27},"6":{"loc":{"start":{"line":32,"column":8},"end":{"line":48,"column":9}},"type":"if","locations":[{"start":{"line":32,"column":8},"end":{"line":48,"column":9}},{"start":{"line":32,"column":8},"end":{"line":48,"column":9}}],"line":32},"7":{"loc":{"start":{"line":33,"column":10},"end":{"line":38,"column":11}},"type":"if","locations":[{"start":{"line":33,"column":10},"end":{"line":38,"column":11}},{"start":{"line":33,"column":10},"end":{"line":38,"column":11}}],"line":33},"8":{"loc":{"start":{"line":39,"column":15},"end":{"line":48,"column":9}},"type":"if","locations":[{"start":{"line":39,"column":15},"end":{"line":48,"column":9}},{"start":{"line":39,"column":15},"end":{"line":48,"column":9}}],"line":39},"9":{"loc":{"start":{"line":40,"column":10},"end":{"line":45,"column":11}},"type":"if","locations":[{"start":{"line":40,"column":10},"end":{"line":45,"column":11}},{"start":{"line":40,"column":10},"end":{"line":45,"column":11}}],"line":40},"10":{"loc":{"start":{"line":54,"column":4},"end":{"line":60,"column":5}},"type":"if","locations":[{"start":{"line":54,"column":4},"end":{"line":60,"column":5}},{"start":{"line":54,"column":4},"end":{"line":60,"column":5}}],"line":54},"11":{"loc":{"start":{"line":56,"column":11},"end":{"line":60,"column":5}},"type":"if","locations":[{"start":{"line":56,"column":11},"end":{"line":60,"column":5}},{"start":{"line":56,"column":11},"end":{"line":60,"column":5}}],"line":56},"12":{"loc":{"start":{"line":58,"column":11},"end":{"line":60,"column":5}},"type":"if","locations":[{"start":{"line":58,"column":11},"end":{"line":60,"column":5}},{"start":{"line":58,"column":11},"end":{"line":60,"column":5}}],"line":58}},"s":{"0":9,"1":6,"2":1,"3":5,"4":5,"5":14,"6":3,"7":11,"8":5,"9":6,"10":6,"11":11,"12":2,"13":110,"14":6,"15":104,"16":104,"17":241,"18":75,"19":6,"20":6,"21":69,"22":166,"23":74,"24":6,"25":6,"26":68,"27":92,"28":4,"29":2,"30":2,"31":1,"32":1,"33":1},"f":{"0":9,"1":6,"2":110,"3":4},"b":{"0":[1,5],"1":[3,11],"2":[5,6],"3":[6,0],"4":[2,9],"5":[6,104],"6":[75,166],"7":[6,69],"8":[74,92],"9":[6,68],"10":[2,2],"11":[1,1],"12":[1,0]},"_coverageSchema":"43e27e138ebf9cfc5966b082cf9a028302ed4184","hash":"3510f8faccbdf2d51411e3efe474e59d4acc5ac0"}
}
