TN:
SF:/Users/andreacard/Desktop/computer_science_testing/src/bst-node.js
FN:2,(anonymous_0)
FNF:1
FNH:1
FNDA:115,(anonymous_0)
DA:3,115
DA:4,115
DA:5,115
LF:3
LH:3
BRF:0
BRH:0
end_of_record
TN:
SF:/Users/andreacard/Desktop/computer_science_testing/src/bst.js
FN:2,(anonymous_0)
FN:6,(anonymous_1)
FN:26,(anonymous_2)
FN:53,(anonymous_3)
FNF:4
FNH:4
FNDA:9,(anonymous_0)
FNDA:6,(anonymous_1)
FNDA:110,(anonymous_2)
FNDA:4,(anonymous_3)
DA:3,9
DA:7,6
DA:8,1
DA:10,5
DA:11,5
DA:12,14
DA:13,3
DA:14,11
DA:15,5
DA:16,6
DA:17,6
DA:19,11
DA:20,2
DA:27,110
DA:28,6
DA:30,104
DA:31,104
DA:32,241
DA:33,75
DA:34,6
DA:35,6
DA:37,69
DA:39,166
DA:40,74
DA:41,6
DA:42,6
DA:44,68
DA:47,92
DA:54,4
DA:55,2
DA:56,2
DA:57,1
DA:58,1
DA:59,1
LF:34
LH:34
BRDA:7,0,0,1
BRDA:7,0,1,5
BRDA:12,1,0,3
BRDA:12,1,1,11
BRDA:14,2,0,5
BRDA:14,2,1,6
BRDA:16,3,0,6
BRDA:16,3,1,0
BRDA:19,4,0,2
BRDA:19,4,1,9
BRDA:27,5,0,6
BRDA:27,5,1,104
BRDA:32,6,0,75
BRDA:32,6,1,166
BRDA:33,7,0,6
BRDA:33,7,1,69
BRDA:39,8,0,74
BRDA:39,8,1,92
BRDA:40,9,0,6
BRDA:40,9,1,68
BRDA:54,10,0,2
BRDA:54,10,1,2
BRDA:56,11,0,1
BRDA:56,11,1,1
BRDA:58,12,0,1
BRDA:58,12,1,0
BRF:26
BRH:24
end_of_record
