TN:
SF:/Users/andreacard/Desktop/computer_science_testing/src/bst-node.js
FN:2,(anonymous_0)
FNF:1
FNH:1
FNDA:17,(anonymous_0)
DA:3,17
DA:4,17
DA:5,17
LF:3
LH:3
BRF:0
BRH:0
end_of_record
TN:
SF:/Users/andreacard/Desktop/computer_science_testing/src/bst.js
FN:2,(anonymous_0)
FN:6,(anonymous_1)
FN:10,(anonymous_2)
FNF:3
FNH:3
FNDA:8,(anonymous_0)
FNDA:1,(anonymous_1)
FNDA:15,(anonymous_2)
DA:3,8
DA:7,1
DA:11,15
DA:12,6
DA:14,9
DA:15,9
DA:16,12
DA:17,6
DA:18,4
DA:19,4
DA:21,2
DA:23,6
DA:24,5
DA:25,4
DA:26,4
DA:28,1
DA:31,1
LF:17
LH:17
BRDA:11,0,0,6
BRDA:11,0,1,9
BRDA:16,1,0,6
BRDA:16,1,1,6
BRDA:17,2,0,4
BRDA:17,2,1,2
BRDA:23,3,0,5
BRDA:23,3,1,1
BRDA:24,4,0,4
BRDA:24,4,1,1
BRF:10
BRH:10
end_of_record
